<?xml version="1.0" encoding="UTF-8"?>
<!-- Generated by org.testng.reporters.JUnitXMLReporter -->
<testsuite ignored="0" hostname="DESKTOP-KKCKK7S" failures="2" tests="2" name="newcustomerTest1" time="12.382" errors="0" timestamp="2021-06-10T21:56:24 BST">
  <testcase classname="com.guru99bank.tests.Newcustomespagetest" name="newcustomeraddresstest" time="0.0">
    <failure type="org.testng.TestNGException" message="
Parameter &amp;apos;expected1&amp;apos; is required by @Test on method newcustomeraddresstest but has not been marked @Optional or defined
in C:\Users\Chinna\eclipse-workspace\module-Framework\newcustomertestng.xml">
      <![CDATA[org.testng.TestNGException: 
Parameter 'expected1' is required by @Test on method newcustomeraddresstest but has not been marked @Optional or defined
in C:\Users\Chinna\eclipse-workspace\module-Framework\newcustomertestng.xml
at java.base/java.util.ArrayList.forEach(ArrayList.java:1511)
... Removed 26 stack frames]]>
    </failure>
  </testcase> <!-- newcustomeraddresstest -->
  <testcase classname="com.guru99bank.tests.Newcustomespagetest" name="newcustomernametest" time="0.978">
    <failure type="java.lang.AssertionError" message="expected [address must not be blank] but found [Customer name must not be blank]">
      <![CDATA[java.lang.AssertionError: expected [address must not be blank] but found [Customer name must not be blank]
at com.guru99bank.tests.Newcustomespagetest.newcustomernametest(Newcustomespagetest.java:29)
at java.base/java.util.ArrayList.forEach(ArrayList.java:1511)
... Removed 33 stack frames]]>
    </failure>
  </testcase> <!-- newcustomernametest -->
</testsuite> <!-- newcustomerTest1 -->
